#
# A fatal error has been detected by the Java Runtime Environment:
#
#  SIGBUS (0x7) at pc=0x00007f8aedea86d2, pid=10472, tid=140234307983104
#
# JRE version: Java(TM) SE Runtime Environment (8.0_11-b12) (build 1.8.0_11-b12)
# Java VM: Java HotSpot(TM) 64-Bit Server VM (25.11-b03 mixed mode linux-amd64 compressed oops)
# Problematic frame:
# C  [libzip.so+0x116d2]  newEntry+0x62
#
# Failed to write core dump. Core dumps have been disabled. To enable core dumping, try "ulimit -c unlimited" before starting Java again
#
# If you would like to submit a bug report, please visit:
#   http://bugreport.sun.com/bugreport/crash.jsp
# The crash happened outside the Java Virtual Machine in native code.
# See problematic frame for where to report the bug.
#

---------------  T H R E A D  ---------------

Current thread (0x00007f8ac0069800):  JavaThread "qtp1501252419-25 - /get_categories" [_thread_in_native, id=10491, stack(0x00007f8ad80cd000,0x00007f8ad81ce000)]

siginfo:si_signo=SIGBUS: si_errno=0, si_code=2 (BUS_ADRERR), si_addr=0x00007f8aec53fbf3

Registers:
RAX=0x00007f8ad4037ae0, RBX=0x00007f8aec48f390, RCX=0x00007f8ad4000020, RDX=0x00007f8ad4037ae0
RSP=0x00007f8ad81c9690, RBP=0x00007f8ad81c96e0, RSI=0x0000000000000500, RDI=0x00007f8ad4000020
R8 =0x0000000000000003, R9 =0x00007f8ad4000078, R10=0x00007f8ad916f858, R11=0x00000000f83ff2a8
R12=0x00007f8aec53fbd6, R13=0x00007f8ad4037ae0, R14=0x00000000d5dcf1e5, R15=0x00007f8ae80b7b70
RIP=0x00007f8aedea86d2, EFLAGS=0x0000000000010202, CSGSFS=0x0000000000000033, ERR=0x0000000000000004
  TRAPNO=0x000000000000000e

Top of Stack: (sp=0x00007f8ad81c9690)
0x00007f8ad81c9690:   00007f8ad81c9720 00007f8a00000000
0x00007f8ad81c96a0:   0000000000000000 00007f8aefa95b8e
0x00007f8ad81c96b0:   00007f8ad4037ae0 00007f8aec48f390
0x00007f8ad81c96c0:   00007f8ae80b7b70 00007f8acc01cb20
0x00007f8ad81c96d0:   00000000d5dcf1e5 00007f8ad81c9740
0x00007f8ad81c96e0:   00007f8ad81c9720 00007f8aedea8e00
0x00007f8ad81c96f0:   00000019d81c9720 00007f8ad81c9740
0x00007f8ad81c9700:   0000000000000019 00007f8ac00699e0
0x00007f8ad81c9710:   00007f8ad81c9740 00007f8ad81c9b98
0x00007f8ad81c9720:   00007f8ad81c9b80 00007f8aede9ac9d
0x00007f8ad81c9730:   01007f8abaeec668 00007f8ae80b7b70
0x00007f8ad81c9740:   74752f6b72617073 74554f492f736c69
0x00007f8ad81c9750:   73616c632e736c69 00007f8abaee0073
0x00007f8ad81c9760:   0000003000000010 00007f8ad81c9e50
0x00007f8ad81c9770:   00007f8ad81c9d60 00007f8abaeef638
0x00007f8ad81c9780:   00000052d9047350 00007f8af01d8599
0x00007f8ad81c9790:   00007f8ad81c9db0 00007f8ad81c9da0
0x00007f8ad81c97a0:   00007f8af01aa2e9 00007f8aefcbf799
0x00007f8ad81c97b0:   00007f8aefcbf797 00007f8af01a67aa
0x00007f8ad81c97c0:   00007f8ad81caf90 00007f8ad81caf94
0x00007f8ad81c97d0:   00007f8abaeef698 00007f8ad81caab4
0x00007f8ad81c97e0:   00007f8abaeef600 00007f8ac0069800
0x00007f8ad81c97f0:   00007f8ad81c9900 00007f8abaeef618
0x00007f8ad81c9800:   00007f8ac0069f70 00000000f83ff050
0x00007f8ad81c9810:   00000000f83ff070 00000000f83ff0c0
0x00007f8ad81c9820:   00000000f83ff150 00007f8a00000017
0x00007f8ad81c9830:   0000000000000000 00007f8a00000000
0x00007f8ad81c9840:   00007f8ad87dba98 0000000000000000
0x00007f8ad81c9850:   00007f8ad81cc6d8 00007f8ad90004e7
0x00007f8ad81c9860:   00007f8ad90003d0 00007f8a00000000
0x00007f8ad81c9870:   00007f8ad81cc740 00007f8ad81cc6d8
0x00007f8ad81c9880:   00007f8ac0069e70 00007f8ac804db20 

Instructions: (pc=0x00007f8aedea86d2)
0x00007f8aedea86b2:   00 48 c7 40 28 00 00 00 00 41 80 7f 30 00 0f 84
0x00007f8aedea86c2:   8a 02 00 00 4c 8b 63 08 4d 2b 67 28 4d 03 67 18
0x00007f8aedea86d2:   41 0f b6 5c 24 1d 41 0f b6 44 24 1c c1 e3 08 09
0x00007f8aedea86e2:   c3 41 0f b6 44 24 1e 88 45 bd 41 0f b6 54 24 20 

Register to memory mapping:

RAX=0x00007f8ad4037ae0 is an unknown value
RBX=0x00007f8aec48f390 is an unknown value
RCX=0x00007f8ad4000020 is an unknown value
RDX=0x00007f8ad4037ae0 is an unknown value
RSP=0x00007f8ad81c9690 is pointing into the stack for thread: 0x00007f8ac0069800
RBP=0x00007f8ad81c96e0 is pointing into the stack for thread: 0x00007f8ac0069800
RSI=0x0000000000000500 is an unknown value
RDI=0x00007f8ad4000020 is an unknown value
R8 =0x0000000000000003 is an unknown value
R9 =0x00007f8ad4000078 is an unknown value
R10=0x00007f8ad916f858 is at entry_point+88 in (nmethod*)0x00007f8ad916f690
R11=